<?xml version="1.0" encoding="UTF-8"?>
<testng-results ignored="0" total="1" passed="1" failed="0" skipped="0">
  <reporter-output>
  </reporter-output>
  <suite started-at="2026-02-05T09:57:44 IST" name="Surefire suite" finished-at="2026-02-05T09:57:50 IST" duration-ms="6408">
    <groups>
    </groups>
    <test started-at="2026-02-05T09:57:44 IST" name="Surefire test" finished-at="2026-02-05T09:57:50 IST" duration-ms="6408">
      <class name="tests.GoogleTest">
        <test-method is-config="true" signature="setup()[pri:0, instance:tests.GoogleTest@45dd4eda]" started-at="2026-02-05T09:57:44 IST" name="setup" finished-at="2026-02-05T09:57:49 IST" duration-ms="5293" status="PASS">
          <reporter-output>
          </reporter-output>
        </test-method> <!-- setup -->
        <test-method signature="openGoogle()[pri:0, instance:tests.GoogleTest@45dd4eda]" started-at="2026-02-05T09:57:49 IST" name="openGoogle" finished-at="2026-02-05T09:57:50 IST" duration-ms="1006" status="PASS">
          <reporter-output>
          </reporter-output>
        </test-method> <!-- openGoogle -->
        <test-method is-config="true" signature="tearDown()[pri:0, instance:tests.GoogleTest@45dd4eda]" started-at="2026-02-05T09:57:50 IST" name="tearDown" finished-at="2026-02-05T09:57:50 IST" duration-ms="88" status="PASS">
          <reporter-output>
          </reporter-output>
        </test-method> <!-- tearDown -->
      </class> <!-- tests.GoogleTest -->
    </test> <!-- Surefire test -->
  </suite> <!-- Surefire suite -->
</testng-results>
